{"/Users/nirizhe/Sites/Demos/nodejs/chost/util/host-master.js":{"path":"/Users/nirizhe/Sites/Demos/nodejs/chost/util/host-master.js","s":{"1":1,"2":1,"3":1,"4":1,"5":0,"6":1,"7":1,"8":4,"9":4,"10":1,"11":2,"12":2,"13":2,"14":2,"15":1,"16":1,"17":1,"18":1,"19":2,"20":1,"21":1,"22":1,"23":2,"24":0,"25":2,"26":2,"27":8,"28":8,"29":2,"30":4,"31":1,"32":2,"33":1,"34":1,"35":1},"b":{"1":[0,1],"2":[1,1],"3":[0,2],"4":[2,2],"5":[1,3],"6":[1,1]},"f":{"1":1,"2":1,"3":1,"4":1},"fnMap":{"1":{"name":"(anonymous_1)","line":4,"loc":{"start":{"line":4,"column":15},"end":{"line":4,"column":18}}},"2":{"name":"(anonymous_2)","line":12,"loc":{"start":{"line":12,"column":14},"end":{"line":12,"column":38}}},"3":{"name":"(anonymous_3)","line":48,"loc":{"start":{"line":48,"column":18},"end":{"line":48,"column":31}}},"4":{"name":"(anonymous_4)","line":59,"loc":{"start":{"line":59,"column":18},"end":{"line":59,"column":31}}}},"statementMap":{"1":{"start":{"line":13,"column":8},"end":{"line":16,"column":22}},"2":{"start":{"line":23,"column":8},"end":{"line":23,"column":85}},"3":{"start":{"line":24,"column":8},"end":{"line":24,"column":55}},"4":{"start":{"line":25,"column":8},"end":{"line":25,"column":72}},"5":{"start":{"line":25,"column":43},"end":{"line":25,"column":72}},"6":{"start":{"line":27,"column":8},"end":{"line":27,"column":57}},"7":{"start":{"line":30,"column":8},"end":{"line":32,"column":35}},"8":{"start":{"line":31,"column":25},"end":{"line":31,"column":36}},"9":{"start":{"line":32,"column":28},"end":{"line":32,"column":34}},"10":{"start":{"line":34,"column":8},"end":{"line":40,"column":10}},"11":{"start":{"line":35,"column":12},"end":{"line":35,"column":60}},"12":{"start":{"line":36,"column":12},"end":{"line":36,"column":84}},"13":{"start":{"line":38,"column":12},"end":{"line":38,"column":31}},"14":{"start":{"line":39,"column":12},"end":{"line":39,"column":68}},"15":{"start":{"line":42,"column":8},"end":{"line":42,"column":38}},"16":{"start":{"line":43,"column":8},"end":{"line":45,"column":26}},"17":{"start":{"line":49,"column":8},"end":{"line":51,"column":29}},"18":{"start":{"line":53,"column":8},"end":{"line":55,"column":9}},"19":{"start":{"line":54,"column":12},"end":{"line":54,"column":41}},"20":{"start":{"line":57,"column":8},"end":{"line":57,"column":27}},"21":{"start":{"line":61,"column":8},"end":{"line":66,"column":99}},"22":{"start":{"line":68,"column":8},"end":{"line":90,"column":9}},"23":{"start":{"line":69,"column":12},"end":{"line":69,"column":76}},"24":{"start":{"line":69,"column":47},"end":{"line":69,"column":76}},"25":{"start":{"line":71,"column":12},"end":{"line":72,"column":27}},"26":{"start":{"line":74,"column":12},"end":{"line":76,"column":39}},"27":{"start":{"line":75,"column":29},"end":{"line":75,"column":40}},"28":{"start":{"line":76,"column":32},"end":{"line":76,"column":38}},"29":{"start":{"line":78,"column":12},"end":{"line":82,"column":14}},"30":{"start":{"line":79,"column":16},"end":{"line":81,"column":17}},"31":{"start":{"line":80,"column":20},"end":{"line":80,"column":33}},"32":{"start":{"line":84,"column":12},"end":{"line":89,"column":13}},"33":{"start":{"line":85,"column":16},"end":{"line":88,"column":18}},"34":{"start":{"line":92,"column":8},"end":{"line":92,"column":26}},"35":{"start":{"line":96,"column":0},"end":{"line":96,"column":33}}},"branchMap":{"1":{"line":25,"type":"if","locations":[{"start":{"line":25,"column":8},"end":{"line":25,"column":8}},{"start":{"line":25,"column":8},"end":{"line":25,"column":8}}]},"2":{"line":25,"type":"binary-expr","locations":[{"start":{"line":25,"column":12},"end":{"line":25,"column":23}},{"start":{"line":25,"column":27},"end":{"line":25,"column":41}}]},"3":{"line":69,"type":"if","locations":[{"start":{"line":69,"column":12},"end":{"line":69,"column":12}},{"start":{"line":69,"column":12},"end":{"line":69,"column":12}}]},"4":{"line":69,"type":"binary-expr","locations":[{"start":{"line":69,"column":16},"end":{"line":69,"column":27}},{"start":{"line":69,"column":31},"end":{"line":69,"column":45}}]},"5":{"line":79,"type":"if","locations":[{"start":{"line":79,"column":16},"end":{"line":79,"column":16}},{"start":{"line":79,"column":16},"end":{"line":79,"column":16}}]},"6":{"line":84,"type":"if","locations":[{"start":{"line":84,"column":12},"end":{"line":84,"column":12}},{"start":{"line":84,"column":12},"end":{"line":84,"column":12}}]}}}}