TN:
SF:/Users/nirizhe/Sites/Demos/nodejs/chost/util/host-master.js
FN:4,(anonymous_1)
FN:12,(anonymous_2)
FN:48,(anonymous_3)
FN:59,(anonymous_4)
FNF:4
FNH:4
FNDA:1,(anonymous_1)
FNDA:1,(anonymous_2)
FNDA:1,(anonymous_3)
FNDA:1,(anonymous_4)
DA:13,1
DA:23,1
DA:24,1
DA:25,1
DA:27,1
DA:30,1
DA:31,4
DA:32,4
DA:34,1
DA:35,2
DA:36,2
DA:38,2
DA:39,2
DA:42,1
DA:43,1
DA:49,1
DA:53,1
DA:54,2
DA:57,1
DA:61,1
DA:68,1
DA:69,2
DA:71,2
DA:74,2
DA:75,8
DA:76,8
DA:78,2
DA:79,4
DA:80,1
DA:84,2
DA:85,1
DA:92,1
DA:96,1
LF:33
LH:33
BRDA:25,1,0,0
BRDA:25,1,1,1
BRDA:25,2,0,1
BRDA:25,2,1,1
BRDA:69,3,0,0
BRDA:69,3,1,2
BRDA:69,4,0,2
BRDA:69,4,1,2
BRDA:79,5,0,1
BRDA:79,5,1,3
BRDA:84,6,0,1
BRDA:84,6,1,1
BRF:12
BRH:10
end_of_record
